2023-04-25 23:46:05,788 - INFO - [31m[1mWARNING: This is a development server. Do not use it in a production deployment. Use a production WSGI server instead.[0m
 * Running on http://127.0.0.1:5000
2023-04-25 23:46:05,788 - INFO - [33mPress CTRL+C to quit[0m
2023-04-25 23:46:05,788 - INFO -  * Restarting with stat
2023-04-25 23:46:06,161 - WARNING -  * Debugger is active!
2023-04-25 23:46:06,164 - INFO -  * Debugger PIN: 120-118-666
2023-04-25 23:46:16,266 - INFO - Verifying data quality row number 0
2023-04-25 23:46:19,646 - WARNING - Row number 0 not inserted due to data quality
                    Check up this dictionary: {'id': 2000, 'name': 'Jerri Zebedee', 'datetime': '2022-01-18 05:47:37.000 -0500', 'department_id': 8, 'job_id': 700}
2023-04-25 23:46:19,684 - INFO - 127.0.0.1 - - [25/Apr/2023 23:46:19] "[35m[1mPOST /api/db/bulkInsert/hiredemployees HTTP/1.1[0m" 500 -
2023-04-26 00:56:57,678 - INFO - [31m[1mWARNING: This is a development server. Do not use it in a production deployment. Use a production WSGI server instead.[0m
 * Running on http://127.0.0.1:5000
2023-04-26 00:56:57,678 - INFO - [33mPress CTRL+C to quit[0m
2023-04-26 00:56:57,681 - INFO -  * Restarting with stat
2023-04-26 00:56:58,158 - WARNING -  * Debugger is active!
2023-04-26 00:56:58,166 - INFO -  * Debugger PIN: 120-118-666
2023-04-26 00:57:08,229 - INFO - 127.0.0.1 - - [26/Apr/2023 00:57:08] "GET /api/db/departments/5 HTTP/1.1" 200 -
2023-04-26 00:57:59,737 - INFO -  * Detected change in 'd:\\code_challenge\\src\\models\\Model.py', reloading
2023-04-26 00:57:59,855 - INFO -  * Restarting with stat
2023-04-26 00:58:00,281 - WARNING -  * Debugger is active!
2023-04-26 00:58:00,283 - INFO -  * Debugger PIN: 120-118-666
2023-04-26 00:58:26,946 - INFO -  * Detected change in 'd:\\code_challenge\\src\\utils\\Utils.py', reloading
2023-04-26 00:58:26,991 - INFO -  * Restarting with stat
2023-04-26 00:58:27,425 - WARNING -  * Debugger is active!
2023-04-26 00:58:27,427 - INFO -  * Debugger PIN: 120-118-666
2023-04-26 00:58:49,979 - INFO -  * Detected change in 'd:\\code_challenge\\src\\models\\Model.py', reloading
2023-04-26 00:58:50,017 - INFO -  * Restarting with stat
2023-04-26 00:58:50,369 - WARNING -  * Debugger is active!
2023-04-26 00:58:50,369 - INFO -  * Debugger PIN: 120-118-666
2023-04-26 00:58:55,760 - INFO - 127.0.0.1 - - [26/Apr/2023 00:58:55] "[35m[1mGET /api/db/departments/5 HTTP/1.1[0m" 500 -
2023-04-26 01:00:44,206 - INFO -  * Detected change in 'd:\\code_challenge\\src\\utils\\Utils.py', reloading
2023-04-26 01:00:44,240 - INFO -  * Restarting with stat
2023-04-26 01:00:44,632 - WARNING -  * Debugger is active!
2023-04-26 01:00:44,636 - INFO -  * Debugger PIN: 120-118-666
2023-04-26 01:00:55,073 - INFO - 127.0.0.1 - - [26/Apr/2023 01:00:55] "GET /api/db/departments/5 HTTP/1.1" 200 -
2023-04-26 01:01:58,396 - INFO -  * Detected change in 'd:\\code_challenge\\src\\models\\Model.py', reloading
2023-04-26 01:01:58,435 - INFO -  * Restarting with stat
2023-04-26 01:01:58,810 - WARNING -  * Debugger is active!
2023-04-26 01:01:58,810 - INFO -  * Debugger PIN: 120-118-666
2023-04-26 01:02:06,011 - INFO -  * Detected change in 'd:\\code_challenge\\src\\routes\\Route.py', reloading
2023-04-26 01:02:06,056 - INFO -  * Restarting with stat
2023-04-26 01:02:06,458 - WARNING -  * Debugger is active!
2023-04-26 01:02:06,467 - INFO -  * Debugger PIN: 120-118-666
2023-04-26 01:02:25,945 - INFO -  * Detected change in 'd:\\code_challenge\\src\\utils\\Utils.py', reloading
2023-04-26 01:02:25,979 - INFO -  * Restarting with stat
2023-04-26 01:02:26,338 - WARNING -  * Debugger is active!
2023-04-26 01:02:26,338 - INFO -  * Debugger PIN: 120-118-666
2023-04-26 01:02:36,633 - INFO - 127.0.0.1 - - [26/Apr/2023 01:02:36] "GET /api/db/departments/5 HTTP/1.1" 200 -
2023-04-26 01:02:42,100 - INFO - Verifying data quality row number 0
2023-04-26 01:02:45,645 - WARNING - Row number 0 not inserted due to data quality
                    Check up this dictionary: {'id': 2000, 'name': 'Jerri Zebedee', 'datetime': '2022-01-18 05:47:37.000 -0500', 'department_id': 8, 'job_id': 700}
2023-04-26 01:02:45,648 - INFO - 127.0.0.1 - - [26/Apr/2023 01:02:45] "[35m[1mPOST /api/db/bulkInsert/hiredemployees HTTP/1.1[0m" 500 -
2023-04-26 18:08:38,802 - INFO - [31m[1mWARNING: This is a development server. Do not use it in a production deployment. Use a production WSGI server instead.[0m
 * Running on http://127.0.0.1:5000
2023-04-26 18:08:38,803 - INFO - [33mPress CTRL+C to quit[0m
2023-04-26 18:08:38,805 - INFO -  * Restarting with stat
2023-04-26 18:08:39,210 - WARNING -  * Debugger is active!
2023-04-26 18:08:39,222 - INFO -  * Debugger PIN: 120-118-666
2023-04-26 18:08:56,898 - INFO - 127.0.0.1 - - [26/Apr/2023 18:08:56] "GET /api/db/departments/5 HTTP/1.1" 200 -
2023-04-26 18:09:02,383 - INFO - 127.0.0.1 - - [26/Apr/2023 18:09:02] "GET /api/db/departments/15 HTTP/1.1" 200 -
2023-04-26 18:09:59,527 - INFO - Verifying data quality row number 0
2023-04-26 18:10:00,905 - INFO - 127.0.0.1 - - [26/Apr/2023 18:10:00] "[35m[1mPOST /api/db/bulkInsert/jobs HTTP/1.1[0m" 500 -
2023-04-26 18:11:10,281 - INFO - Verifying data quality row number 0
2023-04-26 18:11:15,044 - INFO - 127.0.0.1 - - [26/Apr/2023 18:11:15] "[35m[1mPOST /api/db/bulkInsert/jobs HTTP/1.1[0m" 500 -
2023-04-26 18:12:08,655 - INFO -  * Detected change in 'd:\\code_challenge\\src\\models\\Model.py', reloading
2023-04-26 18:12:08,680 - INFO -  * Restarting with stat
2023-04-26 18:12:09,057 - WARNING -  * Debugger is active!
2023-04-26 18:12:09,060 - INFO -  * Debugger PIN: 120-118-666
2023-04-26 18:12:12,139 - INFO -  * Detected change in 'd:\\code_challenge\\src\\models\\Model.py', reloading
2023-04-26 18:12:12,177 - INFO -  * Restarting with stat
2023-04-26 18:12:12,624 - WARNING -  * Debugger is active!
2023-04-26 18:12:12,626 - INFO -  * Debugger PIN: 120-118-666
2023-04-26 18:12:16,315 - INFO - Verifying data quality row number 0
2023-04-26 18:12:17,525 - INFO - 127.0.0.1 - - [26/Apr/2023 18:12:17] "[35m[1mPOST /api/db/bulkInsert/jobs HTTP/1.1[0m" 500 -
2023-04-26 18:13:48,152 - INFO -  * Detected change in 'd:\\code_challenge\\src\\utils\\DataQuality.py', reloading
2023-04-26 18:13:48,202 - INFO -  * Restarting with stat
2023-04-26 18:13:48,605 - WARNING -  * Debugger is active!
2023-04-26 18:13:48,607 - INFO -  * Debugger PIN: 120-118-666
2023-04-26 18:13:50,671 - INFO -  * Detected change in 'd:\\code_challenge\\src\\utils\\DataQuality.py', reloading
2023-04-26 18:13:50,702 - INFO -  * Restarting with stat
2023-04-26 18:13:51,134 - WARNING -  * Debugger is active!
2023-04-26 18:13:51,136 - INFO -  * Debugger PIN: 120-118-666
2023-04-26 18:14:09,373 - INFO - [31m[1mWARNING: This is a development server. Do not use it in a production deployment. Use a production WSGI server instead.[0m
 * Running on http://127.0.0.1:5000
2023-04-26 18:14:09,373 - INFO - [33mPress CTRL+C to quit[0m
2023-04-26 18:14:09,375 - INFO -  * Restarting with stat
2023-04-26 18:14:09,777 - WARNING -  * Debugger is active!
2023-04-26 18:14:09,780 - INFO -  * Debugger PIN: 120-118-666
2023-04-26 18:14:14,292 - INFO - Verifying data quality row number 0
2023-04-26 18:14:15,540 - INFO - 127.0.0.1 - - [26/Apr/2023 18:14:15] "[35m[1mPOST /api/db/bulkInsert/jobs HTTP/1.1[0m" 500 -
2023-04-26 18:16:23,883 - INFO -  * Detected change in 'd:\\code_challenge\\src\\models\\Model.py', reloading
2023-04-26 18:16:23,916 - INFO -  * Restarting with stat
2023-04-26 18:16:24,299 - WARNING -  * Debugger is active!
2023-04-26 18:16:24,302 - INFO -  * Debugger PIN: 120-118-666
2023-04-26 18:16:28,378 - INFO - Verifying data quality row number 0
2023-04-26 18:16:29,609 - INFO - 127.0.0.1 - - [26/Apr/2023 18:16:29] "[35m[1mPOST /api/db/bulkInsert/jobs HTTP/1.1[0m" 500 -
2023-04-26 18:16:44,670 - INFO -  * Detected change in 'd:\\code_challenge\\src\\models\\Model.py', reloading
2023-04-26 18:16:44,712 - INFO -  * Restarting with stat
2023-04-26 18:16:45,096 - WARNING -  * Debugger is active!
2023-04-26 18:16:45,096 - INFO -  * Debugger PIN: 120-118-666
2023-04-26 18:16:46,983 - INFO - Verifying data quality row number 0
2023-04-26 18:16:48,235 - INFO - 127.0.0.1 - - [26/Apr/2023 18:16:48] "[35m[1mPOST /api/db/bulkInsert/jobs HTTP/1.1[0m" 500 -
2023-04-26 18:16:59,347 - INFO -  * Detected change in 'd:\\code_challenge\\src\\models\\Model.py', reloading
2023-04-26 18:16:59,388 - INFO -  * Restarting with stat
2023-04-26 18:16:59,831 - WARNING -  * Debugger is active!
2023-04-26 18:16:59,831 - INFO -  * Debugger PIN: 120-118-666
2023-04-26 18:17:04,600 - INFO - Verifying data quality row number 0
2023-04-26 18:17:06,401 - INFO - 127.0.0.1 - - [26/Apr/2023 18:17:06] "[35m[1mPOST /api/db/bulkInsert/jobs HTTP/1.1[0m" 500 -
2023-04-26 18:19:07,234 - INFO - Verifying data quality row number 0
2023-04-26 18:19:10,666 - WARNING - Row number 0 not inserted due to data quality
                    Check up this dictionary: {'id': 4535, 'name': 'Marcelo Gonzalez', 'datetime': '2021-07-27T16:02:08Z', 'department_id': 1, 'job_id': 2}
2023-04-26 18:19:10,668 - INFO - 127.0.0.1 - - [26/Apr/2023 18:19:10] "[35m[1mPOST /api/db/bulkInsert/hiredemployees HTTP/1.1[0m" 500 -
2023-04-26 18:20:29,897 - INFO - Verifying data quality row number 0
2023-04-26 18:20:32,719 - WARNING - Row number 0 not inserted due to data quality
                    Check up this dictionary: {'id': 4535, 'name': 'Marcelo Gonzalez', 'datetime': '2021-07-27T16:02:08Z', 'department_id': 1, 'job_id': 2}
2023-04-26 18:20:32,720 - INFO - 127.0.0.1 - - [26/Apr/2023 18:20:32] "[35m[1mPOST /api/db/bulkInsert/hiredemployees HTTP/1.1[0m" 500 -
2023-04-26 18:21:35,394 - INFO -  * Detected change in 'd:\\code_challenge\\src\\utils\\DataQuality.py', reloading
2023-04-26 18:21:35,429 - INFO -  * Restarting with stat
2023-04-26 18:21:35,922 - WARNING -  * Debugger is active!
2023-04-26 18:21:35,924 - INFO -  * Debugger PIN: 120-118-666
2023-04-26 18:21:38,051 - INFO - Verifying data quality row number 0
2023-04-26 18:21:40,629 - WARNING - Row number 0 not inserted due to data quality
                    Check up this dictionary: {'id': 4535, 'name': 'Marcelo Gonzalez', 'datetime': '2021-07-27T16:02:08Z', 'department_id': 1, 'job_id': 2}
2023-04-26 18:21:40,631 - INFO - 127.0.0.1 - - [26/Apr/2023 18:21:40] "[35m[1mPOST /api/db/bulkInsert/hiredemployees HTTP/1.1[0m" 500 -
2023-04-26 18:21:58,321 - INFO -  * Detected change in 'd:\\code_challenge\\src\\utils\\DataQuality.py', reloading
2023-04-26 18:21:58,351 - INFO -  * Restarting with stat
2023-04-26 18:21:58,704 - WARNING -  * Debugger is active!
2023-04-26 18:21:58,708 - INFO -  * Debugger PIN: 120-118-666
2023-04-26 18:22:00,770 - INFO -  * Detected change in 'd:\\code_challenge\\src\\utils\\DataQuality.py', reloading
2023-04-26 18:22:00,786 - INFO -  * Restarting with stat
2023-04-26 18:22:01,151 - WARNING -  * Debugger is active!
2023-04-26 18:22:01,151 - INFO -  * Debugger PIN: 120-118-666
2023-04-26 18:22:05,049 - INFO - Verifying data quality row number 0
2023-04-26 18:22:08,037 - WARNING - Row number 0 not inserted due to data quality
                    Check up this dictionary: {'id': 4535, 'name': 'Marcelo Gonzalez', 'datetime': '2021-07-27T16:02:08Z', 'department_id': 1, 'job_id': 2}
2023-04-26 18:22:08,039 - INFO - 127.0.0.1 - - [26/Apr/2023 18:22:08] "[35m[1mPOST /api/db/bulkInsert/hiredemployees HTTP/1.1[0m" 500 -
2023-04-26 18:26:32,768 - INFO -  * Detected change in 'd:\\code_challenge\\src\\utils\\DataQuality.py', reloading
2023-04-26 18:26:32,802 - INFO -  * Restarting with stat
2023-04-26 18:26:33,206 - WARNING -  * Debugger is active!
2023-04-26 18:26:33,208 - INFO -  * Debugger PIN: 120-118-666
2023-04-26 18:26:47,765 - INFO - Verifying data quality row number 0
2023-04-26 18:26:50,435 - WARNING - Row number 0 not inserted due to data quality
                    Check up this dictionary: {'id': 4535, 'name': 'Marcelo Gonzalez', 'datetime': '2021-07-27T16:02:08Z', 'department_id': 1, 'job_id': 2}
2023-04-26 18:26:50,437 - INFO - 127.0.0.1 - - [26/Apr/2023 18:26:50] "[35m[1mPOST /api/db/bulkInsert/hiredemployees HTTP/1.1[0m" 500 -
2023-04-26 18:27:23,065 - INFO -  * Detected change in 'd:\\code_challenge\\src\\utils\\DataQuality.py', reloading
2023-04-26 18:27:23,112 - INFO -  * Restarting with stat
2023-04-26 18:27:23,529 - WARNING -  * Debugger is active!
2023-04-26 18:27:23,531 - INFO -  * Debugger PIN: 120-118-666
2023-04-26 18:29:04,049 - INFO -  * Detected change in 'd:\\code_challenge\\src\\utils\\DataQuality.py', reloading
2023-04-26 18:29:04,080 - INFO -  * Restarting with stat
2023-04-26 18:29:04,456 - WARNING -  * Debugger is active!
2023-04-26 18:29:04,473 - INFO -  * Debugger PIN: 120-118-666
2023-04-26 18:29:05,523 - INFO -  * Detected change in 'd:\\code_challenge\\src\\utils\\DataQuality.py', reloading
2023-04-26 18:29:05,551 - INFO -  * Restarting with stat
2023-04-26 18:29:05,955 - WARNING -  * Debugger is active!
2023-04-26 18:29:05,958 - INFO -  * Debugger PIN: 120-118-666
2023-04-26 18:29:16,962 - INFO - [31m[1mWARNING: This is a development server. Do not use it in a production deployment. Use a production WSGI server instead.[0m
 * Running on http://127.0.0.1:5000
2023-04-26 18:29:16,964 - INFO - [33mPress CTRL+C to quit[0m
2023-04-26 18:29:16,967 - INFO -  * Restarting with stat
2023-04-26 18:29:17,293 - WARNING -  * Debugger is active!
2023-04-26 18:29:17,293 - INFO -  * Debugger PIN: 120-118-666
2023-04-26 18:29:26,094 - INFO - Verifying data quality row number 0
2023-04-26 18:29:28,776 - WARNING - Row number 0 not inserted due to data quality
                    Check up this dictionary: {'id': 4535, 'name': 'Marcelo Gonzalez', 'datetime': '2021-07-27T16:02:08Z', 'department_id': 1, 'job_id': 2}
2023-04-26 18:29:28,778 - INFO - 127.0.0.1 - - [26/Apr/2023 18:29:28] "[35m[1mPOST /api/db/bulkInsert/hiredemployees HTTP/1.1[0m" 500 -
2023-04-26 18:30:01,018 - INFO -  * Detected change in 'd:\\code_challenge\\src\\utils\\DataQuality.py', reloading
2023-04-26 18:30:01,055 - INFO -  * Restarting with stat
2023-04-26 18:30:01,431 - WARNING -  * Debugger is active!
2023-04-26 18:30:01,431 - INFO -  * Debugger PIN: 120-118-666
2023-04-26 18:30:10,224 - INFO - Verifying data quality row number 0
2023-04-26 18:30:12,894 - WARNING - Row number 0 not inserted due to data quality
                    Check up this dictionary: {'id': 4535, 'name': 'Marcelo Gonzalez', 'datetime': '2021-07-27T16:02:08Z', 'department_id': 1, 'job_id': 2}
2023-04-26 18:30:12,897 - INFO - 127.0.0.1 - - [26/Apr/2023 18:30:12] "[35m[1mPOST /api/db/bulkInsert/hiredemployees HTTP/1.1[0m" 500 -
2023-04-26 18:31:17,860 - INFO -  * Detected change in 'd:\\code_challenge\\src\\utils\\DataQuality.py', reloading
2023-04-26 18:31:17,901 - INFO -  * Restarting with stat
2023-04-26 18:31:18,318 - WARNING -  * Debugger is active!
2023-04-26 18:31:18,320 - INFO -  * Debugger PIN: 120-118-666
2023-04-26 18:31:25,331 - INFO - Verifying data quality row number 0
2023-04-26 18:31:26,803 - INFO - 127.0.0.1 - - [26/Apr/2023 18:31:26] "[35m[1mPOST /api/db/bulkInsert/hiredemployees HTTP/1.1[0m" 500 -
2023-04-26 18:31:48,939 - INFO -  * Detected change in 'd:\\code_challenge\\src\\utils\\DataQuality.py', reloading
2023-04-26 18:31:48,975 - INFO -  * Restarting with stat
2023-04-26 18:31:49,371 - WARNING -  * Debugger is active!
2023-04-26 18:31:49,389 - INFO -  * Debugger PIN: 120-118-666
2023-04-26 18:31:56,169 - INFO - Verifying data quality row number 0
2023-04-26 18:31:58,826 - WARNING - Row number 0 not inserted due to data quality
                    Check up this dictionary: {'id': 4535, 'name': 'Marcelo Gonzalez', 'datetime': '2021-07-27T16:02:08Z', 'department_id': 1, 'job_id': 2}
2023-04-26 18:31:58,828 - INFO - 127.0.0.1 - - [26/Apr/2023 18:31:58] "[35m[1mPOST /api/db/bulkInsert/hiredemployees HTTP/1.1[0m" 500 -
2023-04-26 18:35:16,661 - INFO -  * Detected change in 'd:\\code_challenge\\src\\utils\\DataQuality.py', reloading
2023-04-26 18:35:16,704 - INFO -  * Restarting with stat
2023-04-26 18:35:17,178 - WARNING -  * Debugger is active!
2023-04-26 18:35:17,181 - INFO -  * Debugger PIN: 120-118-666
2023-04-26 18:35:19,848 - INFO - Verifying data quality row number 0
2023-04-26 18:35:22,630 - WARNING - Row number 0 not inserted due to data quality
                    Check up this dictionary: {'id': 4535, 'name': 'Marcelo Gonzalez', 'datetime': '2021-07-27T16:02:08Z', 'department_id': 1, 'job_id': 2}
2023-04-26 18:35:22,633 - INFO - 127.0.0.1 - - [26/Apr/2023 18:35:22] "[35m[1mPOST /api/db/bulkInsert/hiredemployees HTTP/1.1[0m" 500 -
2023-04-26 18:35:51,769 - INFO -  * Detected change in 'd:\\code_challenge\\src\\utils\\DataQuality.py', reloading
2023-04-26 18:35:51,813 - INFO -  * Restarting with stat
2023-04-26 18:35:52,244 - WARNING -  * Debugger is active!
2023-04-26 18:35:52,246 - INFO -  * Debugger PIN: 120-118-666
2023-04-26 18:35:53,893 - INFO - Verifying data quality row number 0
2023-04-26 18:35:56,572 - WARNING - Row number 0 not inserted due to data quality
                    Check up this dictionary: {'id': 4535, 'name': 'Marcelo Gonzalez', 'datetime': '2021-07-27T16:02:08Z', 'department_id': 1, 'job_id': 2}
2023-04-26 18:35:56,574 - INFO - 127.0.0.1 - - [26/Apr/2023 18:35:56] "[35m[1mPOST /api/db/bulkInsert/hiredemployees HTTP/1.1[0m" 500 -
2023-04-26 18:37:12,606 - INFO -  * Detected change in 'd:\\code_challenge\\src\\utils\\DataQuality.py', reloading
2023-04-26 18:37:12,639 - INFO -  * Restarting with stat
2023-04-26 18:37:13,064 - WARNING -  * Debugger is active!
2023-04-26 18:37:13,067 - INFO -  * Debugger PIN: 120-118-666
2023-04-26 18:37:15,553 - INFO - Verifying data quality row number 0
2023-04-26 18:37:17,089 - INFO - 127.0.0.1 - - [26/Apr/2023 18:37:17] "[35m[1mPOST /api/db/bulkInsert/hiredemployees HTTP/1.1[0m" 500 -
2023-04-26 18:37:22,288 - INFO -  * Detected change in 'd:\\code_challenge\\src\\utils\\DataQuality.py', reloading
2023-04-26 18:37:22,368 - INFO -  * Restarting with stat
2023-04-26 18:37:22,823 - WARNING -  * Debugger is active!
2023-04-26 18:37:22,823 - INFO -  * Debugger PIN: 120-118-666
2023-04-26 18:37:25,778 - INFO - Verifying data quality row number 0
2023-04-26 18:37:27,761 - WARNING - Row number 0 not inserted due to data quality
                    Check up this dictionary: {'id': 4535, 'name': 'Marcelo Gonzalez', 'datetime': '2021-07-27T16:02:08Z', 'department_id': 1, 'job_id': 2}
2023-04-26 18:37:27,763 - INFO - 127.0.0.1 - - [26/Apr/2023 18:37:27] "[35m[1mPOST /api/db/bulkInsert/hiredemployees HTTP/1.1[0m" 500 -
2023-04-26 18:38:15,579 - INFO -  * Detected change in 'd:\\code_challenge\\src\\utils\\DataQuality.py', reloading
2023-04-26 18:38:15,610 - INFO -  * Restarting with stat
2023-04-26 18:38:16,035 - WARNING -  * Debugger is active!
2023-04-26 18:38:16,037 - INFO -  * Debugger PIN: 120-118-666
2023-04-26 18:38:26,038 - INFO - Verifying data quality row number 0
2023-04-26 18:38:28,322 - WARNING - Row number 0 not inserted due to data quality
                    Check up this dictionary: {'id': 4535, 'name': 'Marcelo Gonzalez', 'datetime': '2021-07-27T16:02:08Z', 'department_id': 1, 'job_id': 2}
2023-04-26 18:38:28,325 - INFO - 127.0.0.1 - - [26/Apr/2023 18:38:28] "[35m[1mPOST /api/db/bulkInsert/hiredemployees HTTP/1.1[0m" 500 -
2023-04-26 18:38:49,494 - INFO -  * Detected change in 'd:\\code_challenge\\src\\utils\\DataQuality.py', reloading
2023-04-26 18:38:49,527 - INFO -  * Restarting with stat
2023-04-26 18:38:49,906 - WARNING -  * Debugger is active!
2023-04-26 18:38:49,908 - INFO -  * Debugger PIN: 120-118-666
2023-04-26 18:38:50,960 - INFO -  * Detected change in 'd:\\code_challenge\\src\\utils\\DataQuality.py', reloading
2023-04-26 18:38:50,999 - INFO -  * Restarting with stat
2023-04-26 18:38:51,444 - WARNING -  * Debugger is active!
2023-04-26 18:38:51,446 - INFO -  * Debugger PIN: 120-118-666
2023-04-26 18:38:53,435 - INFO - Verifying data quality row number 0
2023-04-26 18:38:56,511 - INFO - 127.0.0.1 - - [26/Apr/2023 18:38:56] "[35m[1mPOST /api/db/bulkInsert/hiredemployees HTTP/1.1[0m" 500 -
